<?xml version="1.0" encoding="UTF-8"?>
<testsuite name="creerPret — règles métier" tests="7" skipped="0" failures="0" errors="0" timestamp="2026-06-10T16:47:03.289Z" hostname="DESKTOP-LACM7NE" time="0.454">
  <properties/>
  <testcase name="échec : quota atteint" classname="com.usmb.but3.td4biblio.service.EmpruntsServiceTest$CreerPret" time="0.382"/>
  <testcase name="échec : document non empruntable" classname="com.usmb.but3.td4biblio.service.EmpruntsServiceTest$CreerPret" time="0.009"/>
  <testcase name="échec : document déjà emprunté" classname="com.usmb.but3.td4biblio.service.EmpruntsServiceTest$CreerPret" time="0.006"/>
  <testcase name="échec : document réservé par un autre emprunteur" classname="com.usmb.but3.td4biblio.service.EmpruntsServiceTest$CreerPret" time="0.01"/>
  <testcase name="succès : prêt créé avec dates correctes" classname="com.usmb.but3.td4biblio.service.EmpruntsServiceTest$CreerPret" time="0.024"/>
  <testcase name="échec : abonnement échu" classname="com.usmb.but3.td4biblio.service.EmpruntsServiceTest$CreerPret" time="0.005"/>
  <testcase name="échec : abonnement null" classname="com.usmb.but3.td4biblio.service.EmpruntsServiceTest$CreerPret" time="0.005"/>
  <system-out><![CDATA[2026-06-10T18:47:03.714+02:00  INFO 24024 --- [td4biblio] [    Test worker] c.u.b.td4biblio.service.EmpruntsService  : Prêt créé : document=10 emprunteur=1 retour prévu le 2026-07-15
]]></system-out>
  <system-err><![CDATA[]]></system-err>
</testsuite>
