<?xml version="1.0" encoding="UTF-8"?>
<testsuite name="com.usmb.but3.td4biblio.service.ReservationServiceTest$Annulation" tests="3" skipped="0" failures="0" errors="0" timestamp="2026-06-10T16:47:04.079Z" hostname="DESKTOP-LACM7NE" time="0.013">
  <properties/>
  <testcase name="annuler supprime la réservation par son id composite" classname="com.usmb.but3.td4biblio.service.ReservationServiceTest$Annulation" time="0.003"/>
  <testcase name="annulerReservationsEchues supprime et compte les échues" classname="com.usmb.but3.td4biblio.service.ReservationServiceTest$Annulation" time="0.004"/>
  <testcase name="annulerReservationsEchues retourne 0 si aucune échue" classname="com.usmb.but3.td4biblio.service.ReservationServiceTest$Annulation" time="0.004"/>
  <system-out><![CDATA[2026-06-10T18:47:04.081+02:00  INFO 24024 --- [td4biblio] [    Test worker] c.u.b.t.service.ReservationService       : Réservation annulée : document=10 utilisateur=1
2026-06-10T18:47:04.086+02:00  INFO 24024 --- [td4biblio] [    Test worker] c.u.b.t.service.ReservationService       : 2 réservation(s) échue(s) annulée(s).
2026-06-10T18:47:04.092+02:00  INFO 24024 --- [td4biblio] [    Test worker] c.u.b.t.service.ReservationService       : 0 réservation(s) échue(s) annulée(s).
]]></system-out>
  <system-err><![CDATA[]]></system-err>
</testsuite>
