<?xml version="1.0" encoding="UTF-8"?>
<testsuite name="com.usmb.but3.td4biblio.service.EmpruntsServiceTest$Prolongation" tests="4" skipped="0" failures="0" errors="0" timestamp="2026-06-10T16:47:03.778Z" hostname="DESKTOP-LACM7NE" time="0.023">
  <properties/>
  <testcase name="prolonger : emprunt introuvable lève IllegalArgumentException" classname="com.usmb.but3.td4biblio.service.EmpruntsServiceTest$Prolongation" time="0.005"/>
  <testcase name="prolonger : KO quand l'emprunt a déjà été prolongé" classname="com.usmb.but3.td4biblio.service.EmpruntsServiceTest$Prolongation" time="0.003"/>
  <testcase name="prolonger : OK quand l'emprunt n'a jamais été prolongé" classname="com.usmb.but3.td4biblio.service.EmpruntsServiceTest$Prolongation" time="0.006"/>
  <testcase name="prolongerSansLimite : marche même si déjà prolongé" classname="com.usmb.but3.td4biblio.service.EmpruntsServiceTest$Prolongation" time="0.006"/>
  <system-out><![CDATA[2026-06-10T18:47:03.794+02:00  INFO 24024 --- [td4biblio] [    Test worker] c.u.b.td4biblio.service.EmpruntsService  : Prêt prolongé (emprunteur) : document=10 nouvelle date de fin 2026-08-19
2026-06-10T18:47:03.801+02:00  INFO 24024 --- [td4biblio] [    Test worker] c.u.b.td4biblio.service.EmpruntsService  : Prêt prolongé (bibliothécaire) : document=10 nouvelle date de fin 2026-08-19
]]></system-out>
  <system-err><![CDATA[]]></system-err>
</testsuite>
