<?xml version="1.0" encoding="UTF-8"?>
<testsuite name="com.usmb.but3.td4biblio.service.AuteurServiceTest$Recherches" tests="5" skipped="0" failures="0" errors="0" timestamp="2026-06-10T16:47:02.993Z" hostname="DESKTOP-LACM7NE" time="0.081">
  <properties/>
  <testcase name="getAuteursByNomStartWithIgnoreCase délègue au repository" classname="com.usmb.but3.td4biblio.service.AuteurServiceTest$Recherches" time="0.057"/>
  <testcase name="getByNomContainingIgnoreCase ignore la casse" classname="com.usmb.but3.td4biblio.service.AuteurServiceTest$Recherches" time="0.002"/>
  <testcase name="recherche sans résultat retourne une liste vide" classname="com.usmb.but3.td4biblio.service.AuteurServiceTest$Recherches" time="0.008"/>
  <testcase name="getAuteursByNom retourne les auteurs correspondants" classname="com.usmb.but3.td4biblio.service.AuteurServiceTest$Recherches" time="0.003"/>
  <testcase name="getAuteursByNomAndPrenom filtre sur les deux critères" classname="com.usmb.but3.td4biblio.service.AuteurServiceTest$Recherches" time="0.003"/>
  <system-out><![CDATA[]]></system-out>
  <system-err><![CDATA[]]></system-err>
</testsuite>
