<?xml version="1.0" encoding="UTF-8"?>
<testsuite name="com.usmb.but3.td4biblio.service.AuteurServiceTest$Lecture" tests="3" skipped="0" failures="0" errors="0" timestamp="2026-06-10T16:47:03.082Z" hostname="DESKTOP-LACM7NE" time="0.023">
  <properties/>
  <testcase name="getAuteurById renvoie l'auteur quand il existe" classname="com.usmb.but3.td4biblio.service.AuteurServiceTest$Lecture" time="0.004"/>
  <testcase name="getAllAuteurs trie par idAuteur ascendant" classname="com.usmb.but3.td4biblio.service.AuteurServiceTest$Lecture" time="0.014"/>
  <testcase name="getAuteurById renvoie null quand l'auteur n'existe pas" classname="com.usmb.but3.td4biblio.service.AuteurServiceTest$Lecture" time="0.002"/>
  <system-out><![CDATA[]]></system-out>
  <system-err><![CDATA[]]></system-err>
</testsuite>
