<?xml version="1.0" encoding="UTF-8"?>
<testsuite name="Lecture — emprunteur" tests="2" skipped="0" failures="0" errors="0" timestamp="2026-06-10T16:47:04.117Z" hostname="DESKTOP-LACM7NE" time="0.005">
  <properties/>
  <testcase name="getAllReservations renvoie historique complet" classname="com.usmb.but3.td4biblio.service.ReservationServiceTest$LectureEmprunteur" time="0.001"/>
  <testcase name="getReservationsActives utilise la date du jour" classname="com.usmb.but3.td4biblio.service.ReservationServiceTest$LectureEmprunteur" time="0.003"/>
  <system-out><![CDATA[]]></system-out>
  <system-err><![CDATA[]]></system-err>
</testsuite>
