<?xml version="1.0" encoding="UTF-8"?>
<testsuite name="Acquisitions et disponibilité" tests="5" skipped="0" failures="0" errors="0" timestamp="2026-06-10T16:47:03.265Z" hostname="DESKTOP-LACM7NE" time="0.02">
  <properties/>
  <testcase name="isDisponible faux quand le document n'est pas dans les disponibles" classname="com.usmb.but3.td4biblio.service.DocumentServiceTest$AcquisitionsEtDisponibilite" time="0.004"/>
  <testcase name="isDisponible vrai quand le document est dans les disponibles" classname="com.usmb.but3.td4biblio.service.DocumentServiceTest$AcquisitionsEtDisponibilite" time="0.002"/>
  <testcase name="getDocumentsDisponibles utilise la date du jour" classname="com.usmb.but3.td4biblio.service.DocumentServiceTest$AcquisitionsEtDisponibilite" time="0.003"/>
  <testcase name="getNouvellesAcquisitions délègue au repository (top 5)" classname="com.usmb.but3.td4biblio.service.DocumentServiceTest$AcquisitionsEtDisponibilite" time="0.003"/>
  <testcase name="isDisponible faux quand aucun document disponible" classname="com.usmb.but3.td4biblio.service.DocumentServiceTest$AcquisitionsEtDisponibilite" time="0.005"/>
  <system-out><![CDATA[]]></system-out>
  <system-err><![CDATA[]]></system-err>
</testsuite>
