<?xml version="1.0" encoding="UTF-8"?>
<testsuite name="CRUD" tests="5" skipped="0" failures="0" errors="0" timestamp="2026-06-10T16:47:03.112Z" hostname="DESKTOP-LACM7NE" time="0.114">
  <properties/>
  <testcase name="getDocumentById renvoie le document s'il existe" classname="com.usmb.but3.td4biblio.service.DocumentServiceTest$Crud" time="0.088"/>
  <testcase name="getAllDocuments délègue au repository" classname="com.usmb.but3.td4biblio.service.DocumentServiceTest$Crud" time="0.002"/>
  <testcase name="saveDocument délègue au repository" classname="com.usmb.but3.td4biblio.service.DocumentServiceTest$Crud" time="0.003"/>
  <testcase name="deleteDocumentById délègue au repository" classname="com.usmb.but3.td4biblio.service.DocumentServiceTest$Crud" time="0.002"/>
  <testcase name="getDocumentById lève IllegalArgumentException si introuvable" classname="com.usmb.but3.td4biblio.service.DocumentServiceTest$Crud" time="0.015"/>
  <system-out><![CDATA[]]></system-out>
  <system-err><![CDATA[]]></system-err>
</testsuite>
