<?xml version="1.0" encoding="UTF-8"?>
<testsuite name="com.usmb.but3.td4biblio.Td3biblioApplicationTests" tests="1" skipped="0" failures="0" errors="0" timestamp="2026-06-10T16:47:01.685Z" hostname="DESKTOP-LACM7NE" time="0.42">
  <properties/>
  <testcase name="contextLoads()" classname="com.usmb.but3.td4biblio.Td3biblioApplicationTests" time="0.42"/>
  <system-out><![CDATA[18:46:53.204 [Test worker] INFO org.springframework.test.context.support.AnnotationConfigContextLoaderUtils -- Could not detect default configuration classes for test class [com.usmb.but3.td4biblio.Td3biblioApplicationTests]: Td3biblioApplicationTests does not declare any static, non-private, non-final, nested classes annotated with @Configuration.
18:46:53.334 [Test worker] INFO org.springframework.boot.test.context.SpringBootTestContextBootstrapper -- Found @SpringBootConfiguration com.usmb.but3.td4biblio.Td2biblioApplication for test class com.usmb.but3.td4biblio.Td3biblioApplicationTests
18:46:53.440 [Test worker] INFO org.springframework.test.context.support.AnnotationConfigContextLoaderUtils -- Could not detect default configuration classes for test class [com.usmb.but3.td4biblio.Td3biblioApplicationTests]: Td3biblioApplicationTests does not declare any static, non-private, non-final, nested classes annotated with @Configuration.
18:46:53.442 [Test worker] INFO org.springframework.boot.test.context.SpringBootTestContextBootstrapper -- Found @SpringBootConfiguration com.usmb.but3.td4biblio.Td2biblioApplication for test class com.usmb.but3.td4biblio.Td3biblioApplicationTests

  .   ____          _            __ _ _
 /\\ / ___'_ __ _ _(_)_ __  __ _ \ \ \ \
( ( )\___ | '_ | '_| | '_ \/ _` | \ \ \ \
 \\/  ___)| |_)| | | | | || (_| |  ) ) ) )
  '  |____| .__|_| |_|_| |_\__, | / / / /
 =========|_|==============|___/=/_/_/_/

 :: Spring Boot ::                (v4.0.6)

2026-06-10T18:46:53.854+02:00  INFO 24024 --- [td4biblio] [    Test worker] c.u.b.t.Td3biblioApplicationTests        : Starting Td3biblioApplicationTests using Java 21.0.11 with PID 24024 (started by Victor in C:\Users\Victor\Documents\sae\SAE_Biblio)
2026-06-10T18:46:53.857+02:00  INFO 24024 --- [td4biblio] [    Test worker] c.u.b.t.Td3biblioApplicationTests        : No active profile set, falling back to 1 default profile: "default"
2026-06-10T18:46:54.778+02:00  INFO 24024 --- [td4biblio] [    Test worker] .s.d.r.c.RepositoryConfigurationDelegate : Bootstrapping Spring Data JPA repositories in DEFAULT mode.
2026-06-10T18:46:54.950+02:00  INFO 24024 --- [td4biblio] [    Test worker] .s.d.r.c.RepositoryConfigurationDelegate : Finished Spring Data repository scanning in 160 ms. Found 5 JPA repository interfaces.
2026-06-10T18:46:56.150+02:00  INFO 24024 --- [td4biblio] [    Test worker] com.zaxxer.hikari.HikariDataSource       : HikariPool-1 - Starting...
2026-06-10T18:46:56.350+02:00  INFO 24024 --- [td4biblio] [    Test worker] com.zaxxer.hikari.pool.HikariPool        : HikariPool-1 - Added connection org.postgresql.jdbc.PgConnection@74a1d60e
2026-06-10T18:46:56.354+02:00  INFO 24024 --- [td4biblio] [    Test worker] com.zaxxer.hikari.HikariDataSource       : HikariPool-1 - Start completed.
2026-06-10T18:46:56.382+02:00  INFO 24024 --- [td4biblio] [    Test worker] o.f.c.i.resource.ResourceNameValidator   : 2 SQL migrations were detected but not run because they did not follow the filename convention.
2026-06-10T18:46:56.383+02:00  INFO 24024 --- [td4biblio] [    Test worker] o.f.c.i.resource.ResourceNameValidator   : Set 'validateMigrationNaming' to true to fail fast and see a list of the invalid file names.
2026-06-10T18:46:56.392+02:00  INFO 24024 --- [td4biblio] [    Test worker] org.flywaydb.core.FlywayExecutor         : Database: jdbc:postgresql://localhost:5432/biblio?currentSchema=biblio (PostgreSQL 16.3)
2026-06-10T18:46:56.478+02:00  INFO 24024 --- [td4biblio] [    Test worker] o.f.core.internal.command.DbValidate     : Successfully validated 9 migrations (execution time 00:00.048s)
2026-06-10T18:46:56.540+02:00  INFO 24024 --- [td4biblio] [    Test worker] o.f.core.internal.command.DbMigrate      : Current version of schema "biblio": 9
2026-06-10T18:46:56.544+02:00  INFO 24024 --- [td4biblio] [    Test worker] o.f.core.internal.command.DbMigrate      : Schema "biblio" is up to date. No migration necessary.
2026-06-10T18:46:56.747+02:00  INFO 24024 --- [td4biblio] [    Test worker] org.hibernate.orm.jpa                    : HHH008540: Processing PersistenceUnitInfo [name: default]
2026-06-10T18:46:56.856+02:00  INFO 24024 --- [td4biblio] [    Test worker] org.hibernate.orm.core                   : HHH000001: Hibernate ORM core version 7.2.12.Final
2026-06-10T18:46:57.480+02:00  INFO 24024 --- [td4biblio] [    Test worker] o.s.o.j.p.SpringPersistenceUnitInfo      : No LoadTimeWeaver setup: ignoring JPA class transformer
2026-06-10T18:46:57.573+02:00  INFO 24024 --- [td4biblio] [    Test worker] org.hibernate.orm.connections.pooling    : HHH10001005: Database info:
	Database JDBC URL [jdbc:postgresql://localhost:5432/biblio?currentSchema=biblio]
	Database driver: PostgreSQL JDBC Driver
	Database dialect: PostgreSQLDialect
	Database version: 16.3
	Default catalog/schema: biblio/biblio
	Autocommit mode: undefined/unknown
	Isolation level: READ_COMMITTED [default READ_COMMITTED]
	JDBC fetch size: none
	Pool: DataSourceConnectionProvider
	Minimum pool size: undefined/unknown
	Maximum pool size: undefined/unknown
2026-06-10T18:46:59.150+02:00  INFO 24024 --- [td4biblio] [    Test worker] org.hibernate.orm.core                   : HHH000489: No JTA platform available (set 'hibernate.transaction.jta.platform' to enable JTA platform integration)
2026-06-10T18:46:59.161+02:00  INFO 24024 --- [td4biblio] [    Test worker] j.LocalContainerEntityManagerFactoryBean : Initialized JPA EntityManagerFactory for persistence unit 'default'
2026-06-10T18:46:59.236+02:00  INFO 24024 --- [td4biblio] [    Test worker] o.s.d.j.r.query.QueryEnhancerFactories   : Hibernate is in classpath; If applicable, HQL parser will be used.
2026-06-10T18:47:00.409+02:00  WARN 24024 --- [td4biblio] [    Test worker] JpaBaseConfiguration$JpaWebConfiguration : spring.jpa.open-in-view is enabled by default. Therefore, database queries may be performed during view rendering. Explicitly configure spring.jpa.open-in-view to disable this warning
2026-06-10T18:47:01.456+02:00  INFO 24024 --- [td4biblio] [    Test worker] o.s.b.a.e.web.EndpointLinksResolver      : Exposing 1 endpoint beneath base path '/actuator'
2026-06-10T18:47:01.577+02:00  INFO 24024 --- [td4biblio] [    Test worker] c.u.b.t.Td3biblioApplicationTests        : Started Td3biblioApplicationTests in 8.071 seconds (process running for 9.908)
]]></system-out>
  <system-err><![CDATA[Mockito is currently self-attaching to enable the inline-mock-maker. This will no longer work in future releases of the JDK. Please add Mockito as an agent to your build as described in Mockito's documentation: https://javadoc.io/doc/org.mockito/mockito-core/latest/org.mockito/org/mockito/Mockito.html#0.3
WARNING: A Java agent has been loaded dynamically (C:\Users\Victor\.gradle\caches\modules-2\files-2.1\net.bytebuddy\byte-buddy-agent\1.17.8\f09415827a71be7ed621c7bd02550678f28bc81c\byte-buddy-agent-1.17.8.jar)
WARNING: If a serviceability tool is in use, please run with -XX:+EnableDynamicAgentLoading to hide this warning
WARNING: If a serviceability tool is not in use, please run with -Djdk.instrument.traceUsage for more information
WARNING: Dynamic loading of agents will be disallowed by default in a future release
]]></system-err>
</testsuite>
